[20:36:43] [modloading-worker-0/INFO] ========================================
[20:36:43] [modloading-worker-0/INFO] Minecraft: 1.20.1
[20:36:43] [modloading-worker-0/INFO] Side: client
[20:36:43] [modloading-worker-0/INFO] Development: false
[20:36:43] [modloading-worker-0/INFO] Version: 12.1.780
[20:36:43] [modloading-worker-0/INFO] Loader:
[20:36:43] [modloading-worker-0/INFO] - Forge: 47.3.5
[20:36:43] [modloading-worker-0/INFO] Dependencies:
[20:36:43] [modloading-worker-0/INFO] - Cloth Config: 11.1.136
[20:36:43] [modloading-worker-0/INFO] - Architectury: 9.2.14
[20:36:43] [modloading-worker-0/INFO] Mixin: 0.8.5
[20:36:43] [modloading-worker-0/INFO] OS: Windows 11 10.0 (amd64)
[20:36:43] [modloading-worker-0/INFO] Java: 17.0.8 (Microsoft)
[20:36:43] [modloading-worker-0/INFO] ========================================
[20:36:43] [modloading-worker-0/INFO] Mods:
[20:36:43] [modloading-worker-0/INFO] - aaa_particles: 1.20.1-1.4.5
[20:36:43] [modloading-worker-0/INFO] - achiopt: 1.0.5
[20:36:43] [modloading-worker-0/INFO] - additionalstructures: 4.2.2
[20:36:43] [modloading-worker-0/INFO] - advancementplaques: 1.6.7
[20:36:43] [modloading-worker-0/INFO] - ageingspawners: 2.0.0
[20:36:43] [modloading-worker-0/INFO] - aiimprovements: 0.5.2
[20:36:43] [modloading-worker-0/INFO] - alexsmobs: 1.22.9
[20:36:43] [modloading-worker-0/INFO] - almanac: 1.0.2
[20:36:43] [modloading-worker-0/INFO] - alternate_current: 1.7.0
[20:36:43] [modloading-worker-0/INFO] - amecsapi: 1.5.3+mc1.20-pre1
[20:36:43] [modloading-worker-0/INFO] - angelring: 2.2.1
[20:36:43] [modloading-worker-0/INFO] - apotheosis: 7.4.3
[20:36:43] [modloading-worker-0/INFO] - appleskin: 2.5.1+mc1.20.1
[20:36:43] [modloading-worker-0/INFO] - aquaculture: 2.5.2
[20:36:43] [modloading-worker-0/INFO] - architectury: 9.2.14
[20:36:43] [modloading-worker-0/INFO] - artifacts: 9.5.13
[20:36:43] [modloading-worker-0/INFO] - attributefix: 21.0.4
[20:36:43] [modloading-worker-0/INFO] - attributeslib: 1.3.7
[20:36:43] [modloading-worker-0/INFO] - awesomedungeon: 3.2.0
[20:36:43] [modloading-worker-0/INFO] - awesomedungeonend: 3.1.1
[20:36:43] [modloading-worker-0/INFO] - awesomedungeonnether: 3.1.1
[20:36:43] [modloading-worker-0/INFO] - awesomedungeonocean: 3.3.0
[20:36:43] [modloading-worker-0/INFO] - azurelib: 2.0.39
[20:36:43] [modloading-worker-0/INFO] - backpacked: 3.0.0-beta.9
[20:36:43] [modloading-worker-0/INFO] - badpackets: 0.4.3
[20:36:43] [modloading-worker-0/INFO] - balm: 7.3.9
[20:36:43] [modloading-worker-0/INFO] - battletowers: 1.0.3
[20:36:43] [modloading-worker-0/INFO] - bcc: 4.0.8
[20:36:43] [modloading-worker-0/INFO] - bclib: 3.0.14
[20:36:43] [modloading-worker-0/INFO] - betterdungeons: 1.20-Forge-4.0.4
[20:36:43] [modloading-worker-0/INFO] - betterend: 4.0.11
[20:36:43] [modloading-worker-0/INFO] - bettermineshafts: 1.20-Forge-4.0.4
[20:36:43] [modloading-worker-0/INFO] - betterpingdisplay: 1.1
[20:36:43] [modloading-worker-0/INFO] - betterthirdperson: 1.9.0
[20:36:43] [modloading-worker-0/INFO] - biomesoplenty: 19.0.0.91
[20:36:43] [modloading-worker-0/INFO] - bocchium: 1.20.1-0.0.3
[20:36:43] [modloading-worker-0/INFO] - bookshelf: 20.2.13
[20:36:43] [modloading-worker-0/INFO] - bountiful: 6.0.3+1.20.1
[20:36:43] [modloading-worker-0/INFO] - brute_force_rendering_culling: 0.5.12
[20:36:43] [modloading-worker-0/INFO] - bygonenether: 1.3.2
[20:36:43] [modloading-worker-0/INFO] - caelus: 3.2.0+1.20.1
[20:36:43] [modloading-worker-0/INFO] - calderaconfigs: 1.0
[20:36:43] [modloading-worker-0/INFO] - calderamixins: 1.0-1.20.1
[20:36:43] [modloading-worker-0/INFO] - carryon: 2.1.2.7
[20:36:43] [modloading-worker-0/INFO] - cataclysm: 2.14
[20:36:43] [modloading-worker-0/INFO] - chunksending: 1.20.1-2.8
[20:36:43] [modloading-worker-0/INFO] - citadel: 2.6.0
[20:36:43] [modloading-worker-0/INFO] - clickadv: 1.20.1-3.8
[20:36:43] [modloading-worker-0/INFO] - cloth_config: 11.1.136
[20:36:43] [modloading-worker-0/INFO] - clumps: 12.0.0.4
[20:36:43] [modloading-worker-0/INFO] - cobweb: 1.0.0
[20:36:43] [modloading-worker-0/INFO] - collective: 7.84
[20:36:43] [modloading-worker-0/INFO] - comforts: 6.4.0+1.20.1
[20:36:43] [modloading-worker-0/INFO] - configured: 2.2.3
[20:36:43] [modloading-worker-0/INFO] - confluence: 0.1.8
[20:36:43] [modloading-worker-0/INFO] - connectivity: 1.20.1-5.6
[20:36:43] [modloading-worker-0/INFO] - connectorextras: 1.11.2+1.20.1
[20:36:43] [modloading-worker-0/INFO] - connectorextras_architectury_bridge: 1.11.2+1.20.1
[20:36:43] [modloading-worker-0/INFO] - connectorextras_emi_bridge: 1.11.2+1.20.1
[20:36:43] [modloading-worker-0/INFO] - connectorextras_energy_bridge: 1.11.2+1.20.1
[20:36:43] [modloading-worker-0/INFO] - connectorextras_geckolib_fabric_compat: 1.11.2+1.20.1
[20:36:43] [modloading-worker-0/INFO] - connectorextras_jei_bridge: 1.11.2+1.20.1
[20:36:43] [modloading-worker-0/INFO] - connectorextras_kubejs_bridge: 1.11.2+1.20.1
[20:36:43] [modloading-worker-0/INFO] - connectorextras_modmenu_bridge: 1.11.2+1.20.1
[20:36:43] [modloading-worker-0/INFO] - connectorextras_pehkui_bridge: 1.11.2+1.20.1
[20:36:43] [modloading-worker-0/INFO] - connectorextras_rei_bridge: 1.11.2+1.20.1
[20:36:43] [modloading-worker-0/INFO] - connectorextras_terrablender_bridge: 1.11.2+1.20.1
[20:36:43] [modloading-worker-0/INFO] - connectormod: 1.0.0-beta.46+1.20.1
[20:36:43] [modloading-worker-0/INFO] - controlling: 12.0.2
[20:36:43] [modloading-worker-0/INFO] - coroutil: 1.20.1-1.3.7
[20:36:43] [modloading-worker-0/INFO] - creativecore: 2.12.17
[20:36:43] [modloading-worker-0/INFO] - cristellib: 1.1.5
[20:36:43] [modloading-worker-0/INFO] - culllessleaves: 1.20.1-1.0.5
[20:36:43] [modloading-worker-0/INFO] - cupboard: 1.20.1-2.7
[20:36:43] [modloading-worker-0/INFO] - curios: 5.10.0+1.20.1
[20:36:43] [modloading-worker-0/INFO] - curiotiab: 1.20.1-2.0.2
[20:36:43] [modloading-worker-0/INFO] - defaultoptions: 18.0.1
[20:36:43] [modloading-worker-0/INFO] - deuf: 1.20.1-1.3
[20:36:43] [modloading-worker-0/INFO] - dimensionalsycnfixes: 1.20.1-0.0.1
[20:36:43] [modloading-worker-0/INFO] - dimensionviewer: 1.4.0
[20:36:43] [modloading-worker-0/INFO] - dimthread: 1.0.5
[20:36:43] [modloading-worker-0/INFO] - disenchanting: 2.2.3
[20:36:43] [modloading-worker-0/INFO] - do_a_barrel_roll: 3.5.6+1.20.1
[20:36:43] [modloading-worker-0/INFO] - doapi: 1.2.15
[20:36:43] [modloading-worker-0/INFO] - doespotatotick: 1.20.1-4.0.2
[20:36:43] [modloading-worker-0/INFO] - doot: 1.20.1
[20:36:43] [modloading-worker-0/INFO] - dragonseeker: 1.2.0-1.20.1
[20:36:43] [modloading-worker-0/INFO] - drippyloadingscreen: 3.0.9
[20:36:43] [modloading-worker-0/INFO] - droptherock: 1.20.1-1.0
[20:36:43] [modloading-worker-0/INFO] - dtbetterend: 1.0.2
[20:36:43] [modloading-worker-0/INFO] - dtbop: 1.20.1-3.2.5
[20:36:43] [modloading-worker-0/INFO] - dtquark: 1.20.1-2.5.3
[20:36:43] [modloading-worker-0/INFO] - dtvinery: 1.1
[20:36:43] [modloading-worker-0/INFO] - dungeoncrawl: 2.3.14
[20:36:43] [modloading-worker-0/INFO] - dynamictrees: 1.20.1-1.4.0-ALPHA02
[20:36:43] [modloading-worker-0/INFO] - dynamictreesplus: 1.20.1-1.2.0-BETA3
[20:36:43] [modloading-worker-0/INFO] - easyanvils: 8.0.2
[20:36:43] [modloading-worker-0/INFO] - eldritch_end: 0.3.2
[20:36:43] [modloading-worker-0/INFO] - elytraslot: 6.4.4+1.20.1
[20:36:43] [modloading-worker-0/INFO] - embeddium: 0.3.31+mc1.20.1
[20:36:43] [modloading-worker-0/INFO] - embeddium_extra: 0.5.4.3+mc1.20.1-build.121
[20:36:43] [modloading-worker-0/INFO] - enchdesc: 17.1.18
[20:36:43] [modloading-worker-0/INFO] - endlessexpansion: 1.20.1-1.5
[20:36:43] [modloading-worker-0/INFO] - enemyexpansion: 2.3.1
[20:36:43] [modloading-worker-0/INFO] - enhancedvisuals: 1.8.1
[20:36:43] [modloading-worker-0/INFO] - entityculling: 1.7.0
[20:36:43] [modloading-worker-0/INFO] - expandability: 9.0.4
[20:36:43] [modloading-worker-0/INFO] - explorify: 1.6.2
[20:36:43] [modloading-worker-0/INFO] - fabric_api: 0.92.2+1.11.8+1.20.1
[20:36:43] [modloading-worker-0/INFO] - fabric_api_base: 0.4.31+ef105b4977
[20:36:43] [modloading-worker-0/INFO] - fabric_api_lookup_api_v1: 1.6.36+67f9824077
[20:36:43] [modloading-worker-0/INFO] - fabric_biome_api_v1: 13.0.13+dc36698e77
[20:36:43] [modloading-worker-0/INFO] - fabric_block_api_v1: 1.0.11+0e6cb7f777
[20:36:43] [modloading-worker-0/INFO] - fabric_block_view_api_v2: 1.0.1+0767707077
[20:36:43] [modloading-worker-0/INFO] - fabric_blockrenderlayer_v1: 1.1.41+1d0da21e77
[20:36:43] [modloading-worker-0/INFO] - fabric_client_tags_api_v1: 1.1.2+5d6761b877
[20:36:43] [modloading-worker-0/INFO] - fabric_command_api_v1: 1.2.34+f71b366f77
[20:36:43] [modloading-worker-0/INFO] - fabric_command_api_v2: 2.2.13+561530ec77
[20:36:43] [modloading-worker-0/INFO] - fabric_content_registries_v0: 4.0.11+a670df1e77
[20:36:43] [modloading-worker-0/INFO] - fabric_convention_tags_v1: 1.5.5+fa3d1c0177
[20:36:43] [modloading-worker-0/INFO] - fabric_data_attachment_api_v1: 1.0.0+30ef839e77
[20:36:43] [modloading-worker-0/INFO] - fabric_data_generation_api_v1: 12.3.4+369cb3a477
[20:36:43] [modloading-worker-0/INFO] - fabric_dimensions_v1: 2.1.54+8005d10d77
[20:36:43] [modloading-worker-0/INFO] - fabric_entity_events_v1: 1.6.0+6274ab9d77
[20:36:43] [modloading-worker-0/INFO] - fabric_events_interaction_v0: 0.6.2+0d0bd5a777
[20:36:43] [modloading-worker-0/INFO] - fabric_game_rule_api_v1: 1.0.40+683d4da877
[20:36:43] [modloading-worker-0/INFO] - fabric_item_api_v1: 2.1.28+4d0bbcfa77
[20:36:43] [modloading-worker-0/INFO] - fabric_item_group_api_v1: 4.0.12+c9161c2d77
[20:36:43] [modloading-worker-0/INFO] - fabric_key_binding_api_v1: 1.0.37+561530ec77
[20:36:43] [modloading-worker-0/INFO] - fabric_lifecycle_events_v1: 2.2.22+afab492177
[20:36:43] [modloading-worker-0/INFO] - fabric_loot_api_v2: 1.2.1+eb28f93e77
[20:36:43] [modloading-worker-0/INFO] - fabric_message_api_v1: 5.1.9+52cc178c77
[20:36:43] [modloading-worker-0/INFO] - fabric_mining_level_api_v1: 2.1.50+561530ec77
[20:36:43] [modloading-worker-0/INFO] - fabric_model_loading_api_v1: 1.0.3+6274ab9d77
[20:36:43] [modloading-worker-0/INFO] - fabric_models_v0: 0.4.2+7c3892a477
[20:36:43] [modloading-worker-0/INFO] - fabric_networking_api_v1: 1.3.11+503a202477
[20:36:43] [modloading-worker-0/INFO] - fabric_object_builder_api_v1: 11.1.3+2174fc8477
[20:36:43] [modloading-worker-0/INFO] - fabric_particles_v1: 1.1.2+78e1ecb877
[20:36:43] [modloading-worker-0/INFO] - fabric_recipe_api_v1: 1.0.21+514a076577
[20:36:43] [modloading-worker-0/INFO] - fabric_registry_sync_v0: 2.3.3+1c0ea72177
[20:36:43] [modloading-worker-0/INFO] - fabric_renderer_api_v1: 3.2.1+1d29b44577
[20:36:43] [modloading-worker-0/INFO] - fabric_renderer_indigo: 1.5.2+b5b2da4177
[20:36:43] [modloading-worker-0/INFO] - fabric_rendering_data_attachment_v1: 0.3.37+a6081afc77
[20:36:43] [modloading-worker-0/INFO] - fabric_rendering_fluids_v1: 3.0.28+4ac5e37a77
[20:36:43] [modloading-worker-0/INFO] - fabric_rendering_v1: 3.0.8+66e9a48f77
[20:36:43] [modloading-worker-0/INFO] - fabric_resource_conditions_api_v1: 2.3.8+9ad825cd77
[20:36:43] [modloading-worker-0/INFO] - fabric_resource_loader_v0: 0.11.10+bcd08ed377
[20:36:43] [modloading-worker-0/INFO] - fabric_screen_api_v1: 2.0.8+45a670a577
[20:36:43] [modloading-worker-0/INFO] - fabric_screen_handler_api_v1: 1.3.30+561530ec77
[20:36:43] [modloading-worker-0/INFO] - fabric_sound_api_v1: 1.0.13+4f23bd8477
[20:36:43] [modloading-worker-0/INFO] - fabric_transfer_api_v1: 3.3.5+631c9cd677
[20:36:43] [modloading-worker-0/INFO] - fabric_transitive_access_wideners_v1: 4.3.1+1880499877
[20:36:43] [modloading-worker-0/INFO] - fallingleaves: 2.1.0
[20:36:43] [modloading-worker-0/INFO] - fancymenu: 3.3.2
[20:36:43] [modloading-worker-0/INFO] - farsight_view: 1.20.1-3.7
[20:36:43] [modloading-worker-0/INFO] - fastasyncworldsave: 1.20.1-2.0
[20:36:43] [modloading-worker-0/INFO] - fastboot: 1.2
[20:36:43] [modloading-worker-0/INFO] - fastipping: 1.0.5
[20:36:43] [modloading-worker-0/INFO] - fastload: 3.4.0
[20:36:43] [modloading-worker-0/INFO] - fastpaintings: 1.20-1.2.7
[20:36:43] [modloading-worker-0/INFO] - fastportalsforge: 1.0.3
[20:36:43] [modloading-worker-0/INFO] - fastrandom: 1.0-proto
[20:36:43] [modloading-worker-0/INFO] - ferritecore: 6.0.1
[20:36:43] [modloading-worker-0/INFO] - firstaid: 1.20.1-1.1
[20:36:43] [modloading-worker-0/INFO] - forge: 47.3.5
[20:36:43] [modloading-worker-0/INFO] - forgeconfigapiport: 8.0.0
[20:36:43] [modloading-worker-0/INFO] - framework: 0.7.11
[20:36:43] [modloading-worker-0/INFO] - ftbchunks: 2001.3.1
[20:36:43] [modloading-worker-0/INFO] - ftblibrary: 2001.2.4
[20:36:43] [modloading-worker-0/INFO] - ftbqoptimizer: 2.0.4-1.20.1
[20:36:43] [modloading-worker-0/INFO] - ftbquests: 2001.4.9
[20:36:43] [modloading-worker-0/INFO] - ftbteams: 2001.3.0
[20:36:43] [modloading-worker-0/INFO] - ftbxmodcompat: 2.1.1
[20:36:43] [modloading-worker-0/INFO] - geckoanimfix: 1.0.0
[20:36:43] [modloading-worker-0/INFO] - geckolib: 4.4.9
[20:36:43] [modloading-worker-0/INFO] - glitchcore: 0.0.1.1
[20:36:43] [modloading-worker-0/INFO] - globalgamerules: 8.0.0.11
[20:36:43] [modloading-worker-0/INFO] - gpumemleakfix: 1.20.1-1.8
[20:36:43] [modloading-worker-0/INFO] - grapplemod: 1.20.1-v13
[20:36:43] [modloading-worker-0/INFO] - harvest_with_ease: 9.2.0
[20:36:43] [modloading-worker-0/INFO] - iceandfire: 2.1.13-1.20.1
[20:36:43] [modloading-worker-0/INFO] - iceberg: 1.1.21
[20:36:43] [modloading-worker-0/INFO] - icterine: 1.3.0
[20:36:43] [modloading-worker-0/INFO] - imst: 2.1.0
[20:36:43] [modloading-worker-0/INFO] - imst_n: 1.1.0
[20:36:43] [modloading-worker-0/INFO] - infernalmobs: 1.20.1.3
[20:36:43] [modloading-worker-0/INFO] - itemphysic: 1.8.2
[20:36:43] [modloading-worker-0/INFO] - jade: 11.12.1+forge
[20:36:43] [modloading-worker-0/INFO] - jadeaddons: 5.3.1+forge
[20:36:43] [modloading-worker-0/INFO] - jei: 15.9999
[20:36:43] [modloading-worker-0/INFO] - justzoom: 2.0.0
[20:36:43] [modloading-worker-0/INFO] - kambrik: 6.1.1+1.20.1
[20:36:43] [modloading-worker-0/INFO] - konkrete: 1.8.0
[20:36:43] [modloading-worker-0/INFO] - kotlinforforge: 4.11.0
[20:36:43] [modloading-worker-0/INFO] - krypton: 0.2.3
[20:36:43] [modloading-worker-0/INFO] - kubejs: 2001.6.5-build.14
[20:36:43] [modloading-worker-0/INFO] - kubejsreiruntime: 1.0
[20:36:43] [modloading-worker-0/INFO] - kuma_api: 20.1.8
[20:36:43] [modloading-worker-0/INFO] - leavesbegone: 8.0.0
[20:36:43] [modloading-worker-0/INFO] - legendarytooltips: 1.4.5
[20:36:43] [modloading-worker-0/INFO] - letmedespawn: 1.4.4
[20:36:43] [modloading-worker-0/INFO] - libraryferret: 4.0.0
[20:36:43] [modloading-worker-0/INFO] - lionfishapi: 1.9
[20:36:43] [modloading-worker-0/INFO] - lmft: 1.0.4+1.20.1
[20:36:43] [modloading-worker-0/INFO] - lootintegrations: 1.20.1-3.7
[20:36:43] [modloading-worker-0/INFO] - lootintegrations_yungs: 1
[20:36:43] [modloading-worker-0/INFO] - lootjs: 1.20.1-2.12.0
[20:36:43] [modloading-worker-0/INFO] - lootr: 0.7.34.87
[20:36:43] [modloading-worker-0/INFO] - lostcities: 1.20-7.3.2
[20:36:43] [modloading-worker-0/INFO] - majruszlibrary: 7.0.8
[20:36:43] [modloading-worker-0/INFO] - majruszsenchantments: 1.10.8
[20:36:43] [modloading-worker-0/INFO] - maxhealthfix: 12.0.3
[20:36:43] [modloading-worker-0/INFO] - medieval_buildings: 1.0.2
[20:36:43] [modloading-worker-0/INFO] - melody: 1.0.2
[20:36:43] [modloading-worker-0/INFO] - memorysettings: 1.20.1-5.5
[20:36:43] [modloading-worker-0/INFO] - mes: 1.3.1-1.20-forge
[20:36:43] [modloading-worker-0/INFO] - mimic: 1.0.0
[20:36:43] [modloading-worker-0/INFO] - minecraft: 1.20.1
[20:36:43] [modloading-worker-0/INFO] - mixinextras: 0.2.0-beta.7
[20:36:43] [modloading-worker-0/INFO] - mixinsquared: 0.1.2-beta.6
[20:36:43] [modloading-worker-0/INFO] - mobtimizations: 1.20.1-1.0.0
[20:36:43] [modloading-worker-0/INFO] - modernfix: 5.19.4+mc1.20.1
[20:36:43] [modloading-worker-0/INFO] - modmenu: 7.2.2
[20:36:43] [modloading-worker-0/INFO] - moonlight: 1.20-2.13.13
[20:36:43] [modloading-worker-0/INFO] - mousetweaks: 2.25.1
[20:36:43] [modloading-worker-0/INFO] - mowziesmobs: 1.6.4
[20:36:43] [modloading-worker-0/INFO] - mr_reds_morestructures: 1.0.8
[20:36:43] [modloading-worker-0/INFO] - multimine: 1.20.1.4
[20:36:43] [modloading-worker-0/INFO] - neat: 1.20.1-37-FORGE
[20:36:43] [modloading-worker-0/INFO] - necronomicon: 1.6.0
[20:36:43] [modloading-worker-0/INFO] - netherportalfix: 13.0.1
[20:36:43] [modloading-worker-0/INFO] - nochatreports: 1.20.1-v2.2.2
[20:36:43] [modloading-worker-0/INFO] - notenoughanimations: 1.7.6
[20:36:43] [modloading-worker-0/INFO] - notreepunching: 7.1.0
[20:36:43] [modloading-worker-0/INFO] - oculus: 1.7.0
[20:36:43] [modloading-worker-0/INFO] - overloadedarmorbar: 1.20.1-1
[20:36:43] [modloading-worker-0/INFO] - packetfixer: 1.4.2
[20:36:43] [modloading-worker-0/INFO] - patchouli: 1.20.1-84-FORGE
[20:36:43] [modloading-worker-0/INFO] - phenomena: 1.20.4-3.1
[20:36:43] [modloading-worker-0/INFO] - philipsruins: 4.6
[20:36:43] [modloading-worker-0/INFO] - pickupnotifier: 8.0.0
[20:36:43] [modloading-worker-0/INFO] - placebo: 8.6.2
[20:36:43] [modloading-worker-0/INFO] - polymorph: 0.49.5+1.20.1
[20:36:43] [modloading-worker-0/INFO] - potionbundles: 1.8
[20:36:43] [modloading-worker-0/INFO] - potioncauldron: 1.0.1+mc1.20
[20:36:43] [modloading-worker-0/INFO] - potionring: 1.20-1.1
[20:36:43] [modloading-worker-0/INFO] - prism: 1.0.5
[20:36:43] [modloading-worker-0/INFO] - puzzlesaccessapi: 8.0.7
[20:36:43] [modloading-worker-0/INFO] - puzzleslib: 8.1.24
[20:36:43] [modloading-worker-0/INFO] - quark: 4.0-460
[20:36:43] [modloading-worker-0/INFO] - quarkoddities: 1.20.1
[20:36:43] [modloading-worker-0/INFO] - radium: 0.12.4+git.26c9d8e
[20:36:43] [modloading-worker-0/INFO] - reach_entity_attributes: 2.4.0
[20:36:43] [modloading-worker-0/INFO] - realistictorches: 1.20.1-3.2.0
[20:36:43] [modloading-worker-0/INFO] - recipeessentials: 1.20.1-3.6
[20:36:43] [modloading-worker-0/INFO] - rei_plugin_compatibilities: 12.0.93
[20:36:43] [modloading-worker-0/INFO] - repurposed_structures: 7.1.15+1.20.1-forge
[20:36:43] [modloading-worker-0/INFO] - rereskillable: 3.0.8-1.20.1
[20:36:43] [modloading-worker-0/INFO] - rhino: 2001.2.3-build.6
[20:36:43] [modloading-worker-0/INFO] - roughlyenoughitems: 12.1.780
[20:36:43] [modloading-worker-0/INFO] - roughtweaks: 1.20.x-1.1.2
[20:36:43] [modloading-worker-0/INFO] - rubidium: 0.7.1
[20:36:43] [modloading-worker-0/INFO] - rustic_faming_and_decor: 1.0.0
[20:36:43] [modloading-worker-0/INFO] - saturn: 0.1.3
[20:36:43] [modloading-worker-0/INFO] - scalinghealth: 8.0.2+9
[20:36:43] [modloading-worker-0/INFO] - searchables: 1.0.3
[20:36:43] [modloading-worker-0/INFO] - sereneseasons: 9.1.0.0
[20:36:43] [modloading-worker-0/INFO] - silentlib: 8.0.0
[20:36:43] [modloading-worker-0/INFO] - simplehats: 1.20.1-0.3.2
[20:36:43] [modloading-worker-0/INFO] - sit: 1.3.5
[20:36:43] [modloading-worker-0/INFO] - skinlayers3d: 1.6.7
[20:36:43] [modloading-worker-0/INFO] - sky_structures: 1.0.0
[20:36:43] [modloading-worker-0/INFO] - smoothboot: 0.0.4
[20:36:43] [modloading-worker-0/INFO] - smoothchunk: 1.20.1-3.6
[20:36:43] [modloading-worker-0/INFO] - sophisticatedcore: 0.6.34.718
[20:36:43] [modloading-worker-0/INFO] - sophisticatedstorage: 0.10.45.912
[20:36:43] [modloading-worker-0/INFO] - sound_physics_remastered: 1.20.1-1.4.5
[20:36:43] [modloading-worker-0/INFO] - spark: 1.10.53
[20:36:43] [modloading-worker-0/INFO] - spartanfire: 2.1.0
[20:36:43] [modloading-worker-0/INFO] - spartanshields: 3.1.1
[20:36:43] [modloading-worker-0/INFO] - spartantoolkit: 1.5.1
[20:36:43] [modloading-worker-0/INFO] - spartanweaponry: 3.1.3
[20:36:43] [modloading-worker-0/INFO] - spectrelib: 0.13.15+1.20.1
[20:36:43] [modloading-worker-0/INFO] - starlight: 1.1.2+forge.1cda73c
[20:36:43] [modloading-worker-0/INFO] - string_from_wool: 1.0.0
[20:36:43] [modloading-worker-0/INFO] - structureessentials: 1.20.1-3.4
[20:36:43] [modloading-worker-0/INFO] - t_and_t: 0.0NONE
[20:36:43] [modloading-worker-0/INFO] - tan__a_curios_expansion: 1.2.1
[20:36:43] [modloading-worker-0/INFO] - terrablender: 3.0.1.7
[20:36:43] [modloading-worker-0/INFO] - terraform: 7.0.1
[20:36:43] [modloading-worker-0/INFO] - the_flesh_that_hates: 0.4
[20:36:43] [modloading-worker-0/INFO] - tiab: 4.0.4-mc1.20.1
[20:36:43] [modloading-worker-0/INFO] - tipsmod: 12.1.8
[20:36:43] [modloading-worker-0/INFO] - toms_storage: 1.6.8
[20:36:43] [modloading-worker-0/INFO] - toofast: 0.4.3.5
[20:36:43] [modloading-worker-0/INFO] - toolbelt: 1.20.01
[20:36:43] [modloading-worker-0/INFO] - tough_as_nails_compat: 1.0.5
[20:36:43] [modloading-worker-0/INFO] - toughasnails: 9.2.0.171
[20:36:43] [modloading-worker-0/INFO] - trashslot: 15.1.0
[20:36:43] [modloading-worker-0/INFO] - villagernames: 8.1
[20:36:43] [modloading-worker-0/INFO] - vinery: 1.4.28
[20:36:43] [modloading-worker-0/INFO] - visualworkbench: 8.0.0
[20:36:43] [modloading-worker-0/INFO] - voicechat: 1.20.1-2.5.24
[20:36:43] [modloading-worker-0/INFO] - w2pets: 1.0
[20:36:43] [modloading-worker-0/INFO] - w2w2: 1.0
[20:36:43] [modloading-worker-0/INFO] - waystones: 14.1.5
[20:36:43] [modloading-worker-0/INFO] - wunderlib: 1.1.5
[20:36:43] [modloading-worker-0/INFO] - xaerominimap: 24.5.0
[20:36:43] [modloading-worker-0/INFO] - xaeroworldmap: 1.39.0
[20:36:43] [modloading-worker-0/INFO] - xaerozoomout: 1.1.0
[20:36:43] [modloading-worker-0/INFO] - xpbook: 2.2.1
[20:36:43] [modloading-worker-0/INFO] - yungsapi: 1.20-Forge-4.0.6
[20:36:43] [modloading-worker-0/INFO] - yungsbridges: 1.20-Forge-4.0.3
[20:36:43] [modloading-worker-0/INFO] - yungsextras: 1.20-Forge-4.0.3
[20:36:43] [modloading-worker-0/INFO] - yungsmenutweaks: 1.20.1-Forge-1.0.2
[20:36:43] [modloading-worker-0/INFO] - zeta: 1.0-24
[20:36:43] [modloading-worker-0/INFO] ========================================
[20:36:43] [modloading-worker-0/DEBUG] [REI] Added filtering rule [roughlyenoughitems:search]: INSTANCE
[20:36:43] [modloading-worker-0/DEBUG] [REI] Added filtering rule [roughlyenoughitems:manual]: INSTANCE
[20:36:43] [modloading-worker-0/DEBUG] [REI] Added filtering rule [roughlyenoughitems:basic]: INSTANCE
[20:36:43] [modloading-worker-0/INFO] [REI] Config loaded
[20:36:43] [modloading-worker-0/DEBUG] [REI] Config saved
[20:36:43] [modloading-worker-0/DEBUG] [REI] Config saved
[20:36:43] [modloading-worker-0/DEBUG] [REI] Config saved
[20:36:43] [modloading-worker-0/INFO] [REI] Registered plugin provider REIPlugin [betterend] for REIPlugin
[20:36:43] [modloading-worker-0/INFO] [REI] Registered plugin provider FabricFluidAPISupportPlugin for REIServerPlugin
[20:36:43] [modloading-worker-0/INFO] [REI] Registered plugin provider FabricFluidAPISupportPlugin for REIPlugin
[20:36:43] [modloading-worker-0/INFO] [REI] Registered plugin provider REIForgePluginStub [ftblibrary] for REIPlugin
[20:36:43] [modloading-worker-0/INFO] [REI] Registered plugin provider REIPlugin [toms_storage] for REIPlugin
[20:36:43] [modloading-worker-0/INFO] [REI] Registered plugin provider REI Plugin Compatibilities Client Handler [rei_plugin_compatibilities, jei] for REIPlugin
[20:36:43] [modloading-worker-0/INFO] [REI] Registered plugin provider VineryReiClientPluginForge [vinery] for REIPlugin
[20:36:43] [modloading-worker-0/INFO] [REI] Registered plugin provider ReiPlugin [kubejsreiruntime] for REIPlugin
[20:36:43] [modloading-worker-0/INFO] [REI] Registered plugin provider REIForgePluginStub [kubejs] for REIPlugin
[20:36:43] [modloading-worker-0/INFO] [REI] Registered plugin provider FTBQuestsREIIntegrationForge [ftbxmodcompat] for REIPlugin
[20:36:43] [modloading-worker-0/INFO] [REI] Registered plugin provider REI Plugin Compatibilities Adapter [rei_plugin_compatibilities, jei] for REIPlugin
[20:36:43] [modloading-worker-0/INFO] [REI] Registered plugin provider DefaultPluginImpl [roughlyenoughitems] for REIServerPlugin
[20:36:43] [modloading-worker-0/INFO] [REI] Registered plugin provider DefaultPluginImpl [roughlyenoughitems] for REIPlugin
[20:36:43] [modloading-worker-0/INFO] [REI] Registered plugin provider DefaultRuntimePlugin [roughlyenoughitems] for REIServerPlugin
[20:36:43] [modloading-worker-0/INFO] [REI] Registered plugin provider DefaultRuntimePlugin [roughlyenoughitems] for REIPlugin
[20:36:43] [modloading-worker-0/INFO] [REI] Registered plugin provider REI Plugin Compatibilities Adapter [rei_plugin_compatibilities, jei] for REIServerPlugin
[20:36:43] [modloading-worker-0/INFO] [REI] Registered plugin provider REIPlugin [betterend] for REIClientPlugin
[20:36:43] [modloading-worker-0/INFO] [REI] Registered plugin provider DefaultClientPluginImpl [roughlyenoughitems] for REIClientPlugin
[20:36:43] [modloading-worker-0/INFO] [REI] Registered plugin provider DefaultClientPluginImpl [roughlyenoughitems] for REIPlugin
[20:36:44] [modloading-worker-0/INFO] [REI] Registered plugin provider DefaultClientRuntimePlugin [roughlyenoughitems] for REIClientPlugin
[20:36:44] [modloading-worker-0/INFO] [REI] Registered plugin provider DefaultClientRuntimePlugin [roughlyenoughitems] for REIPlugin
[20:36:44] [modloading-worker-0/DEBUG] [REI] Added filtering rule [roughlyenoughitems:hidden_from_recipe_viewers]: INSTANCE
[20:36:44] [modloading-worker-0/INFO] [REI] Registered plugin provider HideIngredientsFromTagsPlugin [roughlyenoughitems] for REIClientPlugin
[20:36:44] [modloading-worker-0/INFO] [REI] Registered plugin provider HideIngredientsFromTagsPlugin [roughlyenoughitems] for REIPlugin
[20:36:44] [modloading-worker-0/INFO] [REI] Registered plugin provider REIForgePluginStub [ftblibrary] for REIClientPlugin
[20:36:44] [modloading-worker-0/INFO] [REI] Registered plugin provider REIPlugin [toms_storage] for REIClientPlugin
[20:36:44] [modloading-worker-0/INFO] [REI] Registered plugin provider REI Plugin Compatibilities Client Handler [rei_plugin_compatibilities, jei] for REIClientPlugin
[20:36:44] [modloading-worker-0/INFO] [REI] Registered plugin provider VineryReiClientPluginForge [vinery] for REIClientPlugin
[20:36:44] [modloading-worker-0/INFO] [REI] Registered plugin provider ReiPlugin [kubejsreiruntime] for REIClientPlugin
[20:36:44] [modloading-worker-0/INFO] [REI] Registered plugin provider REIForgePluginStub [kubejs] for REIClientPlugin
[20:36:44] [modloading-worker-0/INFO] [REI] Registered plugin provider FTBQuestsREIIntegrationForge [ftbxmodcompat] for REIClientPlugin
[20:36:44] [modloading-worker-0/INFO] [REI] Registered plugin provider REI Plugin Compatibilities Adapter [rei_plugin_compatibilities, jei] for REIClientPlugin
[20:37:19] [Worker-ResourceReload-0/DEBUG] [REI] Processed 0 tags in 73.50 μs for minecraft:damage_type
[20:37:19] [Worker-ResourceReload-5/DEBUG] [REI] Processed 0 tags in 13.30 μs for minecraft:worldgen/structure_set
[20:37:19] [Worker-ResourceReload-10/DEBUG] [REI] Processed 2 tags in 1.409 ms for minecraft:mob_effect
[20:37:19] [Worker-ResourceReload-6/DEBUG] [REI] Processed 2 tags in 1.460 ms for minecraft:cat_variant
[20:37:19] [Worker-ResourceReload-2/DEBUG] [REI] Processed 100 tags in 602.1 μs for minecraft:entity_type
[20:37:19] [Worker-ResourceReload-6/DEBUG] [REI] Processed 1 tags in 38.60 μs for minecraft:painting_variant
[20:37:19] [Worker-ResourceReload-10/DEBUG] [REI] Processed 12 tags in 47.50 μs for minecraft:enchantment
[20:37:19] [Worker-ResourceReload-7/DEBUG] [REI] Processed 31 tags in 122.9 μs for minecraft:banner_pattern
[20:37:19] [Worker-ResourceReload-5/DEBUG] [REI] Processed 0 tags in 14.60 μs for minecraft:worldgen/flat_level_generator_preset
[20:37:19] [Worker-ResourceReload-6/DEBUG] [REI] Processed 0 tags in 55.60 μs for minecraft:worldgen/structure
[20:37:19] [Worker-ResourceReload-6/DEBUG] [REI] Processed 0 tags in 14.90 μs for minecraft:trim_material
[20:37:19] [Worker-ResourceReload-9/DEBUG] [REI] Processed 38 tags in 102.6 μs for spartanweaponry:weapon_traits
[20:37:19] [Worker-ResourceReload-4/DEBUG] [REI] Processed 0 tags in 8.500 μs for minecraft:worldgen/world_preset
[20:37:19] [Worker-ResourceReload-7/DEBUG] [REI] Processed 3 tags in 234.8 μs for minecraft:point_of_interest_type
[20:37:19] [Worker-ResourceReload-10/DEBUG] [REI] Processed 10 tags in 34.10 μs for minecraft:fluid
[20:37:19] [Worker-ResourceReload-6/DEBUG] [REI] Processed 3 tags in 32.40 μs for minecraft:instrument
[20:37:19] [Worker-ResourceReload-1/DEBUG] [REI] Processed 0 tags in 300.7 μs for minecraft:worldgen/biome
[20:37:19] [Worker-ResourceReload-8/DEBUG] [REI] Processed 984 tags in 20.66 ms for minecraft:item
[20:37:19] [Worker-ResourceReload-9/DEBUG] [REI] Processed 0 tags in 13.30 μs for minecraft:dimension_type
[20:37:19] [Worker-ResourceReload-4/DEBUG] [REI] Processed 5 tags in 106.4 μs for minecraft:game_event
[20:37:20] [Worker-ResourceReload-3/DEBUG] [REI] Processed 644 tags in 8.455 ms for minecraft:block
[20:37:25] [Render thread/DEBUG] [REI] Player quit, clearing reload tasks!
[20:37:25] [Render thread/DEBUG] [REI] Did not fulfill the request of termination of REI reload tasks because there are no uninterrupted running tasks. This is not an error.
